<?xml version="1.0" encoding="UTF-8"?>
<testng-results ignored="0" total="1" passed="1" failed="0" skipped="0">
  <reporter-output>
  </reporter-output>
  <suite started-at="2021-02-24T11:23:06 IST" name="Default suite" finished-at="2021-02-24T11:23:46 IST" duration-ms="39953">
    <groups>
    </groups>
    <test started-at="2021-02-24T11:23:06 IST" name="Default test" finished-at="2021-02-24T11:23:46 IST" duration-ms="39953">
      <class name="testProject2.KA007Set2">
        <test-method is-config="true" signature="beforeClass()[pri:0, instance:testProject2.KA007Set2@4e096385]" started-at="2021-02-24T11:23:06 IST" name="beforeClass" finished-at="2021-02-24T11:23:17 IST" duration-ms="10818" status="PASS">
          <reporter-output>
          </reporter-output>
        </test-method> <!-- beforeClass -->
        <test-method signature="f()[pri:0, instance:testProject2.KA007Set2@4e096385]" started-at="2021-02-24T11:23:17 IST" name="f" finished-at="2021-02-24T11:23:46 IST" duration-ms="29013" status="PASS">
          <reporter-output>
          </reporter-output>
        </test-method> <!-- f -->
        <test-method is-config="true" signature="afterClass()[pri:0, instance:testProject2.KA007Set2@4e096385]" started-at="2021-02-24T11:23:46 IST" name="afterClass" finished-at="2021-02-24T11:23:46 IST" duration-ms="72" status="PASS">
          <reporter-output>
          </reporter-output>
        </test-method> <!-- afterClass -->
      </class> <!-- testProject2.KA007Set2 -->
    </test> <!-- Default test -->
  </suite> <!-- Default suite -->
</testng-results>
