<?xml version="1.0" encoding="UTF-8"?>
<testng-results ignored="0" total="1" passed="1" failed="0" skipped="0">
  <reporter-output>
  </reporter-output>
  <suite started-at="2021-02-23T10:04:08 IST" name="Default suite" finished-at="2021-02-23T10:04:36 IST" duration-ms="28275">
    <groups>
    </groups>
    <test started-at="2021-02-23T10:04:08 IST" name="Default test" finished-at="2021-02-23T10:04:36 IST" duration-ms="28275">
      <class name="testProject.DW002">
        <test-method is-config="true" signature="beforeClass()[pri:0, instance:testProject.DW002@67080771]" started-at="2021-02-23T10:04:08 IST" name="beforeClass" finished-at="2021-02-23T10:04:27 IST" duration-ms="18684" status="PASS">
          <reporter-output>
          </reporter-output>
        </test-method> <!-- beforeClass -->
        <test-method signature="registerandlogout()[pri:0, instance:testProject.DW002@67080771]" started-at="2021-02-23T10:04:27 IST" name="registerandlogout" finished-at="2021-02-23T10:04:35 IST" duration-ms="7961" status="PASS">
          <reporter-output>
          </reporter-output>
        </test-method> <!-- registerandlogout -->
        <test-method is-config="true" signature="afterClass()[pri:0, instance:testProject.DW002@67080771]" started-at="2021-02-23T10:04:35 IST" name="afterClass" finished-at="2021-02-23T10:04:36 IST" duration-ms="1593" status="PASS">
          <reporter-output>
          </reporter-output>
        </test-method> <!-- afterClass -->
      </class> <!-- testProject.DW002 -->
    </test> <!-- Default test -->
  </suite> <!-- Default suite -->
</testng-results>
